<?xml version="1.0" encoding="UTF-8"?>
<!-- Generated by org.testng.reporters.JUnitXMLReporter -->
<testsuite ignored="0" hostname="DESKTOP-LLFDLM5" failures="0" tests="12" name="Surefire test" time="24.791" errors="0" timestamp="2023-12-17T17:30:27 IST">
  <testcase classname="api.test.DataDrivenTests" name="testpostuser" time="4.616"/>
  <testcase classname="api.test.DataDrivenTests" name="testpostuser" time="1.308"/>
  <testcase classname="api.test.DataDrivenTests" name="testpostuser" time="1.383"/>
  <testcase classname="api.test.DataDrivenTests" name="testpostuser" time="1.356"/>
  <testcase classname="api.test.DataDrivenTests" name="testdeleteUserByName" time="1.398"/>
  <testcase classname="api.test.DataDrivenTests" name="testdeleteUserByName" time="1.333"/>
  <testcase classname="api.test.DataDrivenTests" name="testdeleteUserByName" time="1.376"/>
  <testcase classname="api.test.DataDrivenTests" name="testdeleteUserByName" time="1.359"/>
  <testcase classname="api.test.UserTests" name="testpostuser" time="1.354"/>
  <testcase classname="api.test.UserTests" name="testgetUserByName" time="1.307"/>
  <testcase classname="api.test.UserTests" name="testupdateuserByName" time="2.642"/>
  <testcase classname="api.test.UserTests" name="testdeleteUserByName" time="1.404"/>
</testsuite> <!-- Surefire test -->
