<?xml version="1.0" encoding="UTF-8"?>
<!-- Generated by org.testng.reporters.JUnitXMLReporter -->
<testsuite ignored="0" hostname="DESKTOP-LLFDLM5" failures="0" tests="8" name="Default test" time="24.159" errors="0" timestamp="2023-12-17T13:35:12 IST">
  <testcase classname="api.test.DataDrivenTests" name="testpostuser" time="4.932"/>
  <testcase classname="api.test.DataDrivenTests" name="testpostuser" time="1.384"/>
  <testcase classname="api.test.DataDrivenTests" name="testpostuser" time="1.329"/>
  <testcase classname="api.test.DataDrivenTests" name="testpostuser" time="1.395"/>
  <testcase classname="api.test.DataDrivenTests" name="testdeleteUserByName" time="2.673"/>
  <testcase classname="api.test.DataDrivenTests" name="testdeleteUserByName" time="1.43"/>
  <testcase classname="api.test.DataDrivenTests" name="testdeleteUserByName" time="6.829"/>
  <testcase classname="api.test.DataDrivenTests" name="testdeleteUserByName" time="1.379"/>
</testsuite> <!-- Default test -->
