<?xml version="1.0" encoding="UTF-8"?>
<!-- Generated by org.testng.reporters.JUnitXMLReporter -->
<testsuite ignored="0" hostname="DESKTOP-LLFDLM5" failures="0" tests="4" name="Test" time="11.755" errors="0" timestamp="2023-12-17T16:21:44 IST">
  <testcase classname="api.test.UserTests2" name="testpostuser" time="4.41"/>
  <testcase classname="api.test.UserTests2" name="testgetUserByName" time="1.313"/>
  <testcase classname="api.test.UserTests2" name="testupdateuserByName" time="2.715"/>
  <testcase classname="api.test.UserTests2" name="testdeleteUserByName" time="1.374"/>
</testsuite> <!-- Test -->
