<?xml version="1.0" encoding="UTF-8"?>
<testng-results ignored="0" total="12" passed="12" failed="0" skipped="0">
  <reporter-output>
  </reporter-output>
  <suite started-at="2023-12-17T17:30:03 IST" name="Surefire suite" finished-at="2023-12-17T17:30:27 IST" duration-ms="24791">
    <groups>
    </groups>
    <test started-at="2023-12-17T17:30:03 IST" name="Surefire test" finished-at="2023-12-17T17:30:27 IST" duration-ms="24791">
      <class name="api.test.DataDrivenTests">
        <test-method signature="testpostuser(java.lang.String,java.lang.String,java.lang.String,java.lang.String,java.lang.String,java.lang.String,java.lang.String)[pri:1, instance:api.test.DataDrivenTests@29176cc1]" started-at="2023-12-17T17:30:06 IST" name="testpostuser" data-provider="Data" finished-at="2023-12-17T17:30:11 IST" duration-ms="4616" status="PASS">
          <params>
            <param index="0">
              <value>
                <![CDATA[101]]>
              </value>
            </param>
            <param index="1">
              <value>
                <![CDATA[testuser1]]>
              </value>
            </param>
            <param index="2">
              <value>
                <![CDATA[John]]>
              </value>
            </param>
            <param index="3">
              <value>
                <![CDATA[Cena]]>
              </value>
            </param>
            <param index="4">
              <value>
                <![CDATA[J@gmail.com]]>
              </value>
            </param>
            <param index="5">
              <value>
                <![CDATA[test@1]]>
              </value>
            </param>
            <param index="6">
              <value>
                <![CDATA[1234567890]]>
              </value>
            </param>
          </params>
          <reporter-output>
          </reporter-output>
        </test-method> <!-- testpostuser -->
        <test-method signature="testpostuser(java.lang.String,java.lang.String,java.lang.String,java.lang.String,java.lang.String,java.lang.String,java.lang.String)[pri:1, instance:api.test.DataDrivenTests@29176cc1]" started-at="2023-12-17T17:30:11 IST" name="testpostuser" data-provider="Data" finished-at="2023-12-17T17:30:12 IST" duration-ms="1308" status="PASS">
          <params>
            <param index="0">
              <value>
                <![CDATA[102]]>
              </value>
            </param>
            <param index="1">
              <value>
                <![CDATA[testuser2]]>
              </value>
            </param>
            <param index="2">
              <value>
                <![CDATA[Dwyene]]>
              </value>
            </param>
            <param index="3">
              <value>
                <![CDATA[Jhonson]]>
              </value>
            </param>
            <param index="4">
              <value>
                <![CDATA[D@gmail.com]]>
              </value>
            </param>
            <param index="5">
              <value>
                <![CDATA[test@2]]>
              </value>
            </param>
            <param index="6">
              <value>
                <![CDATA[9087654321]]>
              </value>
            </param>
          </params>
          <reporter-output>
          </reporter-output>
        </test-method> <!-- testpostuser -->
        <test-method signature="testpostuser(java.lang.String,java.lang.String,java.lang.String,java.lang.String,java.lang.String,java.lang.String,java.lang.String)[pri:1, instance:api.test.DataDrivenTests@29176cc1]" started-at="2023-12-17T17:30:12 IST" name="testpostuser" data-provider="Data" finished-at="2023-12-17T17:30:13 IST" duration-ms="1383" status="PASS">
          <params>
            <param index="0">
              <value>
                <![CDATA[103]]>
              </value>
            </param>
            <param index="1">
              <value>
                <![CDATA[testuser3]]>
              </value>
            </param>
            <param index="2">
              <value>
                <![CDATA[Shawn]]>
              </value>
            </param>
            <param index="3">
              <value>
                <![CDATA[Micheals]]>
              </value>
            </param>
            <param index="4">
              <value>
                <![CDATA[S@gmail.com]]>
              </value>
            </param>
            <param index="5">
              <value>
                <![CDATA[test@3]]>
              </value>
            </param>
            <param index="6">
              <value>
                <![CDATA[9876543210]]>
              </value>
            </param>
          </params>
          <reporter-output>
          </reporter-output>
        </test-method> <!-- testpostuser -->
        <test-method signature="testpostuser(java.lang.String,java.lang.String,java.lang.String,java.lang.String,java.lang.String,java.lang.String,java.lang.String)[pri:1, instance:api.test.DataDrivenTests@29176cc1]" started-at="2023-12-17T17:30:13 IST" name="testpostuser" data-provider="Data" finished-at="2023-12-17T17:30:15 IST" duration-ms="1356" status="PASS">
          <params>
            <param index="0">
              <value>
                <![CDATA[104]]>
              </value>
            </param>
            <param index="1">
              <value>
                <![CDATA[testuser4]]>
              </value>
            </param>
            <param index="2">
              <value>
                <![CDATA[Randy]]>
              </value>
            </param>
            <param index="3">
              <value>
                <![CDATA[Ortan]]>
              </value>
            </param>
            <param index="4">
              <value>
                <![CDATA[R@gmail.com]]>
              </value>
            </param>
            <param index="5">
              <value>
                <![CDATA[test@4]]>
              </value>
            </param>
            <param index="6">
              <value>
                <![CDATA[6789054321]]>
              </value>
            </param>
          </params>
          <reporter-output>
          </reporter-output>
        </test-method> <!-- testpostuser -->
        <test-method signature="testdeleteUserByName(java.lang.String)[pri:2, instance:api.test.DataDrivenTests@29176cc1]" started-at="2023-12-17T17:30:15 IST" name="testdeleteUserByName" data-provider="UserNames" finished-at="2023-12-17T17:30:16 IST" duration-ms="1398" status="PASS">
          <params>
            <param index="0">
              <value>
                <![CDATA[testuser1]]>
              </value>
            </param>
          </params>
          <reporter-output>
          </reporter-output>
        </test-method> <!-- testdeleteUserByName -->
        <test-method signature="testdeleteUserByName(java.lang.String)[pri:2, instance:api.test.DataDrivenTests@29176cc1]" started-at="2023-12-17T17:30:16 IST" name="testdeleteUserByName" data-provider="UserNames" finished-at="2023-12-17T17:30:18 IST" duration-ms="1333" status="PASS">
          <params>
            <param index="0">
              <value>
                <![CDATA[testuser2]]>
              </value>
            </param>
          </params>
          <reporter-output>
          </reporter-output>
        </test-method> <!-- testdeleteUserByName -->
        <test-method signature="testdeleteUserByName(java.lang.String)[pri:2, instance:api.test.DataDrivenTests@29176cc1]" started-at="2023-12-17T17:30:18 IST" name="testdeleteUserByName" data-provider="UserNames" finished-at="2023-12-17T17:30:19 IST" duration-ms="1376" status="PASS">
          <params>
            <param index="0">
              <value>
                <![CDATA[testuser3]]>
              </value>
            </param>
          </params>
          <reporter-output>
          </reporter-output>
        </test-method> <!-- testdeleteUserByName -->
        <test-method signature="testdeleteUserByName(java.lang.String)[pri:2, instance:api.test.DataDrivenTests@29176cc1]" started-at="2023-12-17T17:30:19 IST" name="testdeleteUserByName" data-provider="UserNames" finished-at="2023-12-17T17:30:20 IST" duration-ms="1359" status="PASS">
          <params>
            <param index="0">
              <value>
                <![CDATA[testuser4]]>
              </value>
            </param>
          </params>
          <reporter-output>
          </reporter-output>
        </test-method> <!-- testdeleteUserByName -->
      </class> <!-- api.test.DataDrivenTests -->
      <class name="api.test.UserTests">
        <test-method is-config="true" signature="setUpData()[pri:0, instance:api.test.UserTests@794cb805]" started-at="2023-12-17T17:30:20 IST" name="setUpData" finished-at="2023-12-17T17:30:21 IST" duration-ms="288" status="PASS">
          <reporter-output>
          </reporter-output>
        </test-method> <!-- setUpData -->
        <test-method signature="testpostuser()[pri:1, instance:api.test.UserTests@794cb805]" started-at="2023-12-17T17:30:21 IST" name="testpostuser" finished-at="2023-12-17T17:30:22 IST" duration-ms="1354" status="PASS">
          <reporter-output>
          </reporter-output>
        </test-method> <!-- testpostuser -->
        <test-method signature="testgetUserByName()[pri:2, instance:api.test.UserTests@794cb805]" started-at="2023-12-17T17:30:22 IST" name="testgetUserByName" finished-at="2023-12-17T17:30:23 IST" duration-ms="1307" status="PASS">
          <reporter-output>
          </reporter-output>
        </test-method> <!-- testgetUserByName -->
        <test-method signature="testupdateuserByName()[pri:3, instance:api.test.UserTests@794cb805]" started-at="2023-12-17T17:30:23 IST" name="testupdateuserByName" finished-at="2023-12-17T17:30:26 IST" duration-ms="2642" status="PASS">
          <reporter-output>
          </reporter-output>
        </test-method> <!-- testupdateuserByName -->
        <test-method signature="testdeleteUserByName()[pri:4, instance:api.test.UserTests@794cb805]" started-at="2023-12-17T17:30:26 IST" name="testdeleteUserByName" finished-at="2023-12-17T17:30:27 IST" duration-ms="1404" status="PASS">
          <reporter-output>
          </reporter-output>
        </test-method> <!-- testdeleteUserByName -->
      </class> <!-- api.test.UserTests -->
    </test> <!-- Surefire test -->
  </suite> <!-- Surefire suite -->
</testng-results>
