<?xml version="1.0" encoding="UTF-8"?>
<testng-results ignored="0" total="4" passed="4" failed="0" skipped="0">
  <reporter-output>
  </reporter-output>
  <suite started-at="2023-12-17T16:21:32 IST" name="Suite" finished-at="2023-12-17T16:21:44 IST" duration-ms="11755">
    <groups>
    </groups>
    <test started-at="2023-12-17T16:21:32 IST" name="Test" finished-at="2023-12-17T16:21:44 IST" duration-ms="11755">
      <class name="api.test.UserTests2">
        <test-method is-config="true" signature="setUpData()[pri:0, instance:api.test.UserTests2@128d2484]" started-at="2023-12-17T16:21:32 IST" name="setUpData" finished-at="2023-12-17T16:21:34 IST" duration-ms="1439" status="PASS">
          <reporter-output>
          </reporter-output>
        </test-method> <!-- setUpData -->
        <test-method signature="testpostuser()[pri:1, instance:api.test.UserTests2@128d2484]" started-at="2023-12-17T16:21:34 IST" name="testpostuser" finished-at="2023-12-17T16:21:38 IST" duration-ms="4410" status="PASS">
          <reporter-output>
          </reporter-output>
        </test-method> <!-- testpostuser -->
        <test-method signature="testgetUserByName()[pri:2, instance:api.test.UserTests2@128d2484]" started-at="2023-12-17T16:21:38 IST" name="testgetUserByName" finished-at="2023-12-17T16:21:40 IST" duration-ms="1313" status="PASS">
          <reporter-output>
          </reporter-output>
        </test-method> <!-- testgetUserByName -->
        <test-method signature="testupdateuserByName()[pri:3, instance:api.test.UserTests2@128d2484]" started-at="2023-12-17T16:21:40 IST" name="testupdateuserByName" finished-at="2023-12-17T16:21:42 IST" duration-ms="2715" status="PASS">
          <reporter-output>
          </reporter-output>
        </test-method> <!-- testupdateuserByName -->
        <test-method signature="testdeleteUserByName()[pri:4, instance:api.test.UserTests2@128d2484]" started-at="2023-12-17T16:21:42 IST" name="testdeleteUserByName" finished-at="2023-12-17T16:21:44 IST" duration-ms="1374" status="PASS">
          <reporter-output>
          </reporter-output>
        </test-method> <!-- testdeleteUserByName -->
      </class> <!-- api.test.UserTests2 -->
    </test> <!-- Test -->
  </suite> <!-- Suite -->
</testng-results>
