<?xml version="1.0" encoding="UTF-8"?>
<!-- Generated by org.testng.reporters.JUnitXMLReporter -->
<testsuite ignored="0" hostname="DESKTOP-LLFDLM5" failures="0" tests="4" name="PetTest" time="10.957" errors="0" timestamp="2023-12-17T12:48:03 IST">
  <testcase classname="api.test.UserTests" name="testpostuser" time="4.676"/>
  <testcase classname="api.test.UserTests" name="testgetUserByName" time="1.326"/>
  <testcase classname="api.test.UserTests" name="testupdateuserByName" time="2.716"/>
  <testcase classname="api.test.UserTests" name="testdeleteUserByName" time="1.32"/>
</testsuite> <!-- PetTest -->
